<?xml version="1.0" encoding="UTF-8"?>
<!-- Generated by org.testng.reporters.JUnitReportReporter -->
<testsuite hostname="DESKTOP-KKGP20U" failures="0" tests="1" name="rahulshettyacademy.extentreport.extentreportdemo" time="35.186" errors="0" timestamp="2024-10-06T16:12:41 PKT" skipped="0">
  <testcase classname="rahulshettyacademy.extentreport.extentreportdemo" name="initialdemo" time="35.186"/>
</testsuite> <!-- rahulshettyacademy.extentreport.extentreportdemo -->
