<?xml version="1.0" encoding="UTF-8"?>
<!-- Generated by org.testng.reporters.JUnitReportReporter -->
<testsuite hostname="DESKTOP-KKGP20U" failures="0" tests="1" name="mmm.java2$test1" time="0.017" errors="0" timestamp="30 Jun 2024 12:05:48 GMT">
  <testcase classname="mmm.java2$test1" name="streamfilter" time="0.017"/>
</testsuite> <!-- mmm.java2$test1 -->
