<?xml version="1.0" encoding="UTF-8"?>
<!-- Generated by org.testng.reporters.JUnitReportReporter -->
<testsuite hostname="DESKTOP-KKGP20U" failures="0" tests="1" name="mmm.test1" time="0.012" errors="0" timestamp="14 Jul 2024 20:04:09 GMT">
  <testcase classname="mmm.test1" name="streammap" time="0.012"/>
</testsuite> <!-- mmm.test1 -->
